<?xml version="1.0" encoding="UTF-8"?>
<!-- Generated by org.testng.reporters.JUnitReportReporter -->
<testsuite hostname="Pavi" failures="0" tests="11" name="testings.ui_testing" time="298.785" errors="0" timestamp="2024-05-10T09:09:03 IST" skipped="0">
  <testcase classname="testings.ui_testing" name="openapp" time="17.288"/>
  <system-out/>
  <testcase classname="testings.ui_testing" name="urlonechrome" time="19.178"/>
  <system-out/>
  <testcase classname="testings.ui_testing" name="urlonefire" time="39.709"/>
  <system-out/>
  <testcase classname="testings.ui_testing" name="urltwochrome" time="24.151"/>
  <system-out/>
  <testcase classname="testings.ui_testing" name="urltwofire" time="26.078"/>
  <system-out/>
  <testcase classname="testings.ui_testing" name="urlthreechrome" time="22.366"/>
  <system-out/>
  <testcase classname="testings.ui_testing" name="urlthreefire" time="38.646"/>
  <system-out/>
  <testcase classname="testings.ui_testing" name="urlfourchrome" time="17.822"/>
  <system-out/>
  <testcase classname="testings.ui_testing" name="urlfourfire" time="29.405"/>
  <system-out/>
  <testcase classname="testings.ui_testing" name="urlfivechrome" time="22.866"/>
  <system-out/>
  <testcase classname="testings.ui_testing" name="urlfivefire" time="41.276"/>
  <system-out/>
</testsuite> <!-- testings.ui_testing -->
